
synthesis -f "IOU_impl1_lattice.synproj"
synthesis:  version Diamond (64-bit) 3.12.1.454

Copyright (c) 1991-1994 by NeoCAD Inc. All rights reserved.
Copyright (c) 1995 AT&T Corp.   All rights reserved.
Copyright (c) 1995-2001 Lucent Technologies Inc.  All rights reserved.
Copyright (c) 2001 Agere Systems   All rights reserved.
Copyright (c) 2002-2020 Lattice Semiconductor Corporation,  All rights reserved.
Wed Jul 02 15:35:30 2025


Command Line:  synthesis -f IOU_impl1_lattice.synproj -gui -msgset C:/dev/Apple_IIe_IOU_3V3/firmware/promote.xml 

    <postMsg mid="35002000" type="Info"    dynamic="0" navigation="0"  />
Synthesis options:
The -a option is MachXO2.
The -s option is 4.
The -t option is CSBGA132.
The -d option is LCMXO2-256HC.
Using package CSBGA132.
Using performance grade 4.
                                                          

##########################################################

### Lattice Family : MachXO2

### Device  : LCMXO2-256HC

### Package : CSBGA132

### Speed   : 4

##########################################################

                                                          

    <postMsg mid="35001781" type="Info"    dynamic="0" navigation="0"  />
Optimization goal = Balanced
Top-level module name = IOU.
Target frequency = 2.000000 MHz.
Maximum fanout = 1000.
Timing path count = 3
BRAM utilization = 100.000000 %
DSP usage = true
DSP utilization = 100.000000 %
fsm_encoding_style = auto
resolve_mixed_drivers = 0
fix_gated_clocks = 1

Mux style = Auto
Use Carry Chain = true
carry_chain_length = 0
Loop Limit = 1950.
Use IO Insertion = TRUE
Use IO Reg = AUTO

Resource Sharing = TRUE
Propagate Constants = TRUE
Remove Duplicate Registers = TRUE
force_gsr = auto
ROM style = auto
RAM style = auto
The -comp option is FALSE.
The -syn option is FALSE.
-p C:/lscc/diamond/3.12/ispfpga/xo2c00/data (searchpath added)
-p C:/dev/Apple_IIe_IOU_3V3/firmware/impl1 (searchpath added)
-p C:/dev/Apple_IIe_IOU_3V3/firmware (searchpath added)
VHDL library = work
VHDL design file = C:/dev/Apple_IIe_IOU_3V3/firmware/CUSTOM/IOU.vhdl
VHDL design file = C:/dev/Apple_IIe_IOU_3V3/firmware/sources/COMMON/COMMON_INTERNALS.vhdl
VHDL design file = C:/dev/Apple_IIe_IOU_3V3/firmware/sources/COMMON/RA_MUX.vhdl
VHDL design file = C:/dev/Apple_IIe_IOU_3V3/firmware/sources/COMMON/SOFT_SWITCHES_C00X.vhdl
VHDL design file = C:/dev/Apple_IIe_IOU_3V3/firmware/sources/COMMON/SOFT_SWITCHES_C05X.vhdl
VHDL design file = C:/dev/Apple_IIe_IOU_3V3/firmware/sources/CUSTOM/DELAY_OSCILLATOR/VENDOR/LATTICE/MACHXO2/DELAY_OSCILLATOR.vhdl
VHDL design file = C:/dev/Apple_IIe_IOU_3V3/firmware/sources/CUSTOM/DRAM_HOLD_TIME/DELAY_CLK/DRAM_HOLD_TIME.vhdl
VHDL design file = C:/dev/Apple_IIe_IOU_3V3/firmware/sources/CUSTOM/POWER_ON_DETECTION.vhdl
VHDL design file = C:/dev/Apple_IIe_IOU_3V3/firmware/sources/IOU/IOU_ADDR_DECODER.vhdl
VHDL design file = C:/dev/Apple_IIe_IOU_3V3/firmware/sources/IOU/IOU_ADDR_LATCH.vhdl
VHDL design file = C:/dev/Apple_IIe_IOU_3V3/firmware/sources/IOU/IOU_DEVICES.vhdl
VHDL design file = C:/dev/Apple_IIe_IOU_3V3/firmware/sources/IOU/IOU_INTERNALS.vhdl
VHDL design file = C:/dev/Apple_IIe_IOU_3V3/firmware/sources/IOU/IOU_KEYBOARD.vhdl
VHDL design file = C:/dev/Apple_IIe_IOU_3V3/firmware/sources/IOU/IOU_MD7.vhdl
VHDL design file = C:/dev/Apple_IIe_IOU_3V3/firmware/sources/IOU/IOU_RESET.vhdl
VHDL design file = C:/dev/Apple_IIe_IOU_3V3/firmware/sources/IOU/IOU_TIMINGS.vhdl
VHDL design file = C:/dev/Apple_IIe_IOU_3V3/firmware/sources/IOU/VIDEO_ADDR_MUX.vhdl
VHDL design file = C:/dev/Apple_IIe_IOU_3V3/firmware/sources/IOU/VIDEO_GENERATOR.vhdl
VHDL design file = C:/dev/Apple_IIe_IOU_3V3/firmware/sources/IOU/VIDEO_GRAPHICS.vhdl
VHDL design file = C:/dev/Apple_IIe_IOU_3V3/firmware/sources/IOU/VIDEO_SCANNER.vhdl
VHDL design file = C:/dev/Apple_IIe_IOU_3V3/firmware/sources/TTL/LATCH_9334.vhdl
VHDL design file = C:/dev/Apple_IIe_IOU_3V3/firmware/sources/TTL/LS138.vhdl
NGD file = IOU_impl1.ngd
-sdc option: SDC file input not used.
-lpf option: Output file option is ON.
Hardtimer checking is enabled (default). The -dt option is not used.
The -r option is OFF. [ Remove LOC Properties is OFF. ]
Technology check ok...

Analyzing Verilog file C:/lscc/diamond/3.12/ispfpga/userware/NT/SYNTHESIS_HEADERS/machxo2.v. VERI-1482
Compile design.
Compile Design Begin
    <postMsg mid="35921504" type="Info"    dynamic="2" navigation="0" arg0="" arg1="C:/dev/Apple_IIe_IOU_3V3/firmware/impl1"  />
Analyzing VHDL file c:/dev/apple_iie_iou_3v3/firmware/custom/iou.vhdl. VHDL-1481
    <postMsg mid="35921012" type="Info"    dynamic="2" navigation="2" arg0="c:/dev/apple_iie_iou_3v3/firmware/custom/iou.vhdl(16): " arg1="iou" arg2="c:/dev/apple_iie_iou_3v3/firmware/custom/iou.vhdl" arg3="16"  />
    <postMsg mid="35921010" type="Info"    dynamic="2" navigation="2" arg0="c:/dev/apple_iie_iou_3v3/firmware/custom/iou.vhdl(59): " arg1="rtl" arg2="c:/dev/apple_iie_iou_3v3/firmware/custom/iou.vhdl" arg3="59"  />
unit IOU is not yet analyzed. VHDL-1485
Analyzing VHDL file c:/dev/apple_iie_iou_3v3/firmware/sources/common/common_internals.vhdl. VHDL-1481
    <postMsg mid="35921012" type="Info"    dynamic="2" navigation="2" arg0="c:/dev/apple_iie_iou_3v3/firmware/sources/common/common_internals.vhdl(17): " arg1="common_internals" arg2="c:/dev/apple_iie_iou_3v3/firmware/sources/common/common_internals.vhdl" arg3="17"  />
    <postMsg mid="35921010" type="Info"    dynamic="2" navigation="2" arg0="c:/dev/apple_iie_iou_3v3/firmware/sources/common/common_internals.vhdl(32): " arg1="rtl" arg2="c:/dev/apple_iie_iou_3v3/firmware/sources/common/common_internals.vhdl" arg3="32"  />
unit IOU is not yet analyzed. VHDL-1485
Analyzing VHDL file c:/dev/apple_iie_iou_3v3/firmware/sources/common/ra_mux.vhdl. VHDL-1481
    <postMsg mid="35921012" type="Info"    dynamic="2" navigation="2" arg0="c:/dev/apple_iie_iou_3v3/firmware/sources/common/ra_mux.vhdl(16): " arg1="ra_mux" arg2="c:/dev/apple_iie_iou_3v3/firmware/sources/common/ra_mux.vhdl" arg3="16"  />
    <postMsg mid="35921010" type="Info"    dynamic="2" navigation="2" arg0="c:/dev/apple_iie_iou_3v3/firmware/sources/common/ra_mux.vhdl(34): " arg1="rtl" arg2="c:/dev/apple_iie_iou_3v3/firmware/sources/common/ra_mux.vhdl" arg3="34"  />
unit IOU is not yet analyzed. VHDL-1485
Analyzing VHDL file c:/dev/apple_iie_iou_3v3/firmware/sources/common/soft_switches_c00x.vhdl. VHDL-1481
    <postMsg mid="35921012" type="Info"    dynamic="2" navigation="2" arg0="c:/dev/apple_iie_iou_3v3/firmware/sources/common/soft_switches_c00x.vhdl(18): " arg1="soft_switches_c00x" arg2="c:/dev/apple_iie_iou_3v3/firmware/sources/common/soft_switches_c00x.vhdl" arg3="18"  />
    <postMsg mid="35921010" type="Info"    dynamic="2" navigation="2" arg0="c:/dev/apple_iie_iou_3v3/firmware/sources/common/soft_switches_c00x.vhdl(39): " arg1="rtl" arg2="c:/dev/apple_iie_iou_3v3/firmware/sources/common/soft_switches_c00x.vhdl" arg3="39"  />
unit IOU is not yet analyzed. VHDL-1485
Analyzing VHDL file c:/dev/apple_iie_iou_3v3/firmware/sources/common/soft_switches_c05x.vhdl. VHDL-1481
    <postMsg mid="35921012" type="Info"    dynamic="2" navigation="2" arg0="c:/dev/apple_iie_iou_3v3/firmware/sources/common/soft_switches_c05x.vhdl(16): " arg1="soft_switches_c05x" arg2="c:/dev/apple_iie_iou_3v3/firmware/sources/common/soft_switches_c05x.vhdl" arg3="16"  />
    <postMsg mid="35921010" type="Info"    dynamic="2" navigation="2" arg0="c:/dev/apple_iie_iou_3v3/firmware/sources/common/soft_switches_c05x.vhdl(34): " arg1="rtl" arg2="c:/dev/apple_iie_iou_3v3/firmware/sources/common/soft_switches_c05x.vhdl" arg3="34"  />
unit IOU is not yet analyzed. VHDL-1485
Analyzing VHDL file c:/dev/apple_iie_iou_3v3/firmware/sources/custom/delay_oscillator/vendor/lattice/machxo2/delay_oscillator.vhdl. VHDL-1481
    <postMsg mid="35921012" type="Info"    dynamic="2" navigation="2" arg0="c:/dev/apple_iie_iou_3v3/firmware/sources/custom/delay_oscillator/vendor/lattice/machxo2/delay_oscillator.vhdl(20): " arg1="delay_oscillator" arg2="c:/dev/apple_iie_iou_3v3/firmware/sources/custom/delay_oscillator/vendor/lattice/machxo2/delay_oscillator.vhdl" arg3="20"  />
    <postMsg mid="35921010" type="Info"    dynamic="2" navigation="2" arg0="c:/dev/apple_iie_iou_3v3/firmware/sources/custom/delay_oscillator/vendor/lattice/machxo2/delay_oscillator.vhdl(26): " arg1="rtl" arg2="c:/dev/apple_iie_iou_3v3/firmware/sources/custom/delay_oscillator/vendor/lattice/machxo2/delay_oscillator.vhdl" arg3="26"  />
unit IOU is not yet analyzed. VHDL-1485
Analyzing VHDL file c:/dev/apple_iie_iou_3v3/firmware/sources/custom/dram_hold_time/delay_clk/dram_hold_time.vhdl. VHDL-1481
    <postMsg mid="35921012" type="Info"    dynamic="2" navigation="2" arg0="c:/dev/apple_iie_iou_3v3/firmware/sources/custom/dram_hold_time/delay_clk/dram_hold_time.vhdl(20): " arg1="dram_hold_time" arg2="c:/dev/apple_iie_iou_3v3/firmware/sources/custom/dram_hold_time/delay_clk/dram_hold_time.vhdl" arg3="20"  />
    <postMsg mid="35921010" type="Info"    dynamic="2" navigation="2" arg0="c:/dev/apple_iie_iou_3v3/firmware/sources/custom/dram_hold_time/delay_clk/dram_hold_time.vhdl(31): " arg1="rtl" arg2="c:/dev/apple_iie_iou_3v3/firmware/sources/custom/dram_hold_time/delay_clk/dram_hold_time.vhdl" arg3="31"  />
unit IOU is not yet analyzed. VHDL-1485
Analyzing VHDL file c:/dev/apple_iie_iou_3v3/firmware/sources/custom/power_on_detection.vhdl. VHDL-1481
    <postMsg mid="35921012" type="Info"    dynamic="2" navigation="2" arg0="c:/dev/apple_iie_iou_3v3/firmware/sources/custom/power_on_detection.vhdl(56): " arg1="power_on_detection" arg2="c:/dev/apple_iie_iou_3v3/firmware/sources/custom/power_on_detection.vhdl" arg3="56"  />
    <postMsg mid="35921010" type="Info"    dynamic="2" navigation="2" arg0="c:/dev/apple_iie_iou_3v3/firmware/sources/custom/power_on_detection.vhdl(66): " arg1="rtl" arg2="c:/dev/apple_iie_iou_3v3/firmware/sources/custom/power_on_detection.vhdl" arg3="66"  />
unit IOU is not yet analyzed. VHDL-1485
Analyzing VHDL file c:/dev/apple_iie_iou_3v3/firmware/sources/iou/iou_addr_decoder.vhdl. VHDL-1481
    <postMsg mid="35921012" type="Info"    dynamic="2" navigation="2" arg0="c:/dev/apple_iie_iou_3v3/firmware/sources/iou/iou_addr_decoder.vhdl(16): " arg1="iou_addr_decoder" arg2="c:/dev/apple_iie_iou_3v3/firmware/sources/iou/iou_addr_decoder.vhdl" arg3="16"  />
    <postMsg mid="35921010" type="Info"    dynamic="2" navigation="2" arg0="c:/dev/apple_iie_iou_3v3/firmware/sources/iou/iou_addr_decoder.vhdl(35): " arg1="rtl" arg2="c:/dev/apple_iie_iou_3v3/firmware/sources/iou/iou_addr_decoder.vhdl" arg3="35"  />
unit IOU is not yet analyzed. VHDL-1485
Analyzing VHDL file c:/dev/apple_iie_iou_3v3/firmware/sources/iou/iou_addr_latch.vhdl. VHDL-1481
    <postMsg mid="35921012" type="Info"    dynamic="2" navigation="2" arg0="c:/dev/apple_iie_iou_3v3/firmware/sources/iou/iou_addr_latch.vhdl(18): " arg1="iou_addr_latch" arg2="c:/dev/apple_iie_iou_3v3/firmware/sources/iou/iou_addr_latch.vhdl" arg3="18"  />
    <postMsg mid="35921010" type="Info"    dynamic="2" navigation="2" arg0="c:/dev/apple_iie_iou_3v3/firmware/sources/iou/iou_addr_latch.vhdl(29): " arg1="rtl" arg2="c:/dev/apple_iie_iou_3v3/firmware/sources/iou/iou_addr_latch.vhdl" arg3="29"  />
unit IOU is not yet analyzed. VHDL-1485
Analyzing VHDL file c:/dev/apple_iie_iou_3v3/firmware/sources/iou/iou_devices.vhdl. VHDL-1481
    <postMsg mid="35921012" type="Info"    dynamic="2" navigation="2" arg0="c:/dev/apple_iie_iou_3v3/firmware/sources/iou/iou_devices.vhdl(16): " arg1="iou_devices" arg2="c:/dev/apple_iie_iou_3v3/firmware/sources/iou/iou_devices.vhdl" arg3="16"  />
    <postMsg mid="35921010" type="Info"    dynamic="2" navigation="2" arg0="c:/dev/apple_iie_iou_3v3/firmware/sources/iou/iou_devices.vhdl(27): " arg1="rtl" arg2="c:/dev/apple_iie_iou_3v3/firmware/sources/iou/iou_devices.vhdl" arg3="27"  />
unit IOU is not yet analyzed. VHDL-1485
Analyzing VHDL file c:/dev/apple_iie_iou_3v3/firmware/sources/iou/iou_internals.vhdl. VHDL-1481
    <postMsg mid="35921012" type="Info"    dynamic="2" navigation="2" arg0="c:/dev/apple_iie_iou_3v3/firmware/sources/iou/iou_internals.vhdl(16): " arg1="iou_internals" arg2="c:/dev/apple_iie_iou_3v3/firmware/sources/iou/iou_internals.vhdl" arg3="16"  />
    <postMsg mid="35921010" type="Info"    dynamic="2" navigation="2" arg0="c:/dev/apple_iie_iou_3v3/firmware/sources/iou/iou_internals.vhdl(48): " arg1="rtl" arg2="c:/dev/apple_iie_iou_3v3/firmware/sources/iou/iou_internals.vhdl" arg3="48"  />
unit IOU is not yet analyzed. VHDL-1485
Analyzing VHDL file c:/dev/apple_iie_iou_3v3/firmware/sources/iou/iou_keyboard.vhdl. VHDL-1481
    <postMsg mid="35921012" type="Info"    dynamic="2" navigation="2" arg0="c:/dev/apple_iie_iou_3v3/firmware/sources/iou/iou_keyboard.vhdl(16): " arg1="iou_keyboard" arg2="c:/dev/apple_iie_iou_3v3/firmware/sources/iou/iou_keyboard.vhdl" arg3="16"  />
    <postMsg mid="35921010" type="Info"    dynamic="2" navigation="2" arg0="c:/dev/apple_iie_iou_3v3/firmware/sources/iou/iou_keyboard.vhdl(41): " arg1="rtl" arg2="c:/dev/apple_iie_iou_3v3/firmware/sources/iou/iou_keyboard.vhdl" arg3="41"  />
unit IOU is not yet analyzed. VHDL-1485
Analyzing VHDL file c:/dev/apple_iie_iou_3v3/firmware/sources/iou/iou_md7.vhdl. VHDL-1481
    <postMsg mid="35921012" type="Info"    dynamic="2" navigation="2" arg0="c:/dev/apple_iie_iou_3v3/firmware/sources/iou/iou_md7.vhdl(16): " arg1="iou_md7" arg2="c:/dev/apple_iie_iou_3v3/firmware/sources/iou/iou_md7.vhdl" arg3="16"  />
    <postMsg mid="35921010" type="Info"    dynamic="2" navigation="2" arg0="c:/dev/apple_iie_iou_3v3/firmware/sources/iou/iou_md7.vhdl(41): " arg1="rtl" arg2="c:/dev/apple_iie_iou_3v3/firmware/sources/iou/iou_md7.vhdl" arg3="41"  />
unit IOU is not yet analyzed. VHDL-1485
Analyzing VHDL file c:/dev/apple_iie_iou_3v3/firmware/sources/iou/iou_reset.vhdl. VHDL-1481
    <postMsg mid="35921012" type="Info"    dynamic="2" navigation="2" arg0="c:/dev/apple_iie_iou_3v3/firmware/sources/iou/iou_reset.vhdl(22): " arg1="iou_reset" arg2="c:/dev/apple_iie_iou_3v3/firmware/sources/iou/iou_reset.vhdl" arg3="22"  />
    <postMsg mid="35921010" type="Info"    dynamic="2" navigation="2" arg0="c:/dev/apple_iie_iou_3v3/firmware/sources/iou/iou_reset.vhdl(34): " arg1="rtl" arg2="c:/dev/apple_iie_iou_3v3/firmware/sources/iou/iou_reset.vhdl" arg3="34"  />
unit IOU is not yet analyzed. VHDL-1485
Analyzing VHDL file c:/dev/apple_iie_iou_3v3/firmware/sources/iou/iou_timings.vhdl. VHDL-1481
    <postMsg mid="35921012" type="Info"    dynamic="2" navigation="2" arg0="c:/dev/apple_iie_iou_3v3/firmware/sources/iou/iou_timings.vhdl(16): " arg1="iou_timings" arg2="c:/dev/apple_iie_iou_3v3/firmware/sources/iou/iou_timings.vhdl" arg3="16"  />
    <postMsg mid="35921010" type="Info"    dynamic="2" navigation="2" arg0="c:/dev/apple_iie_iou_3v3/firmware/sources/iou/iou_timings.vhdl(29): " arg1="rtl" arg2="c:/dev/apple_iie_iou_3v3/firmware/sources/iou/iou_timings.vhdl" arg3="29"  />
unit IOU is not yet analyzed. VHDL-1485
Analyzing VHDL file c:/dev/apple_iie_iou_3v3/firmware/sources/iou/video_addr_mux.vhdl. VHDL-1481
    <postMsg mid="35921012" type="Info"    dynamic="2" navigation="2" arg0="c:/dev/apple_iie_iou_3v3/firmware/sources/iou/video_addr_mux.vhdl(17): " arg1="video_addr_mux" arg2="c:/dev/apple_iie_iou_3v3/firmware/sources/iou/video_addr_mux.vhdl" arg3="17"  />
    <postMsg mid="35921010" type="Info"    dynamic="2" navigation="2" arg0="c:/dev/apple_iie_iou_3v3/firmware/sources/iou/video_addr_mux.vhdl(37): " arg1="rtl" arg2="c:/dev/apple_iie_iou_3v3/firmware/sources/iou/video_addr_mux.vhdl" arg3="37"  />
unit IOU is not yet analyzed. VHDL-1485
Analyzing VHDL file c:/dev/apple_iie_iou_3v3/firmware/sources/iou/video_generator.vhdl. VHDL-1481
    <postMsg mid="35921012" type="Info"    dynamic="2" navigation="2" arg0="c:/dev/apple_iie_iou_3v3/firmware/sources/iou/video_generator.vhdl(17): " arg1="video_generator" arg2="c:/dev/apple_iie_iou_3v3/firmware/sources/iou/video_generator.vhdl" arg3="17"  />
    <postMsg mid="35921010" type="Info"    dynamic="2" navigation="2" arg0="c:/dev/apple_iie_iou_3v3/firmware/sources/iou/video_generator.vhdl(40): " arg1="rtl" arg2="c:/dev/apple_iie_iou_3v3/firmware/sources/iou/video_generator.vhdl" arg3="40"  />
unit IOU is not yet analyzed. VHDL-1485
Analyzing VHDL file c:/dev/apple_iie_iou_3v3/firmware/sources/iou/video_graphics.vhdl. VHDL-1481
    <postMsg mid="35921012" type="Info"    dynamic="2" navigation="2" arg0="c:/dev/apple_iie_iou_3v3/firmware/sources/iou/video_graphics.vhdl(17): " arg1="video_graphics" arg2="c:/dev/apple_iie_iou_3v3/firmware/sources/iou/video_graphics.vhdl" arg3="17"  />
    <postMsg mid="35921010" type="Info"    dynamic="2" navigation="2" arg0="c:/dev/apple_iie_iou_3v3/firmware/sources/iou/video_graphics.vhdl(33): " arg1="rtl" arg2="c:/dev/apple_iie_iou_3v3/firmware/sources/iou/video_graphics.vhdl" arg3="33"  />
unit IOU is not yet analyzed. VHDL-1485
Analyzing VHDL file c:/dev/apple_iie_iou_3v3/firmware/sources/iou/video_scanner.vhdl. VHDL-1481
    <postMsg mid="35921012" type="Info"    dynamic="2" navigation="2" arg0="c:/dev/apple_iie_iou_3v3/firmware/sources/iou/video_scanner.vhdl(17): " arg1="video_scanner" arg2="c:/dev/apple_iie_iou_3v3/firmware/sources/iou/video_scanner.vhdl" arg3="17"  />
    <postMsg mid="35921010" type="Info"    dynamic="2" navigation="2" arg0="c:/dev/apple_iie_iou_3v3/firmware/sources/iou/video_scanner.vhdl(37): " arg1="rtl" arg2="c:/dev/apple_iie_iou_3v3/firmware/sources/iou/video_scanner.vhdl" arg3="37"  />
unit IOU is not yet analyzed. VHDL-1485
Analyzing VHDL file c:/dev/apple_iie_iou_3v3/firmware/sources/ttl/latch_9334.vhdl. VHDL-1481
    <postMsg mid="35921012" type="Info"    dynamic="2" navigation="2" arg0="c:/dev/apple_iie_iou_3v3/firmware/sources/ttl/latch_9334.vhdl(17): " arg1="latch_9334" arg2="c:/dev/apple_iie_iou_3v3/firmware/sources/ttl/latch_9334.vhdl" arg3="17"  />
    <postMsg mid="35921010" type="Info"    dynamic="2" navigation="2" arg0="c:/dev/apple_iie_iou_3v3/firmware/sources/ttl/latch_9334.vhdl(30): " arg1="rtl" arg2="c:/dev/apple_iie_iou_3v3/firmware/sources/ttl/latch_9334.vhdl" arg3="30"  />
unit IOU is not yet analyzed. VHDL-1485
Analyzing VHDL file c:/dev/apple_iie_iou_3v3/firmware/sources/ttl/ls138.vhdl. VHDL-1481
    <postMsg mid="35921012" type="Info"    dynamic="2" navigation="2" arg0="c:/dev/apple_iie_iou_3v3/firmware/sources/ttl/ls138.vhdl(18): " arg1="ls138" arg2="c:/dev/apple_iie_iou_3v3/firmware/sources/ttl/ls138.vhdl" arg3="18"  />
    <postMsg mid="35921010" type="Info"    dynamic="2" navigation="2" arg0="c:/dev/apple_iie_iou_3v3/firmware/sources/ttl/ls138.vhdl(27): " arg1="rtl" arg2="c:/dev/apple_iie_iou_3v3/firmware/sources/ttl/ls138.vhdl" arg3="27"  />
unit IOU is not yet analyzed. VHDL-1485
unit IOU is not yet analyzed. VHDL-1485
c:/dev/apple_iie_iou_3v3/firmware/custom/iou.vhdl(16): executing IOU(RTL)

    <postMsg mid="35921205" type="Warning" dynamic="3" navigation="2" arg0="c:/dev/apple_iie_iou_3v3/firmware/custom/iou.vhdl(57): " arg1="IOU" arg2="RTL" arg3="c:/dev/apple_iie_iou_3v3/firmware/custom/iou.vhdl" arg4="57"  />
Top module name (VHDL): IOU
Last elaborated design is IOU(RTL)
Loading NGL library 'C:/lscc/diamond/3.12/ispfpga/xo2c00/data/xo2clib.ngl'...
Loading NGL library 'C:/lscc/diamond/3.12/ispfpga/mg5g00/data/mg5glib.ngl'...
Loading NGL library 'C:/lscc/diamond/3.12/ispfpga/or5g00/data/orc5glib.ngl'...
Loading device for application map from file 'xo2c256.nph' in environment: C:/lscc/diamond/3.12/ispfpga.
Package Status:                     Final          Version 1.41.
Top-level module name = IOU.



GSR instance connected to net POC_N.
    <postMsg mid="35001752" type="Warning" dynamic="1" navigation="0" arg0="\U_IOU_KEYBOARD/AUTOREPEAT_ACTIVE_I_0_reset"  />
    <postMsg mid="35001752" type="Warning" dynamic="1" navigation="0" arg0="\U_IOU_MD7/KEY_I_0_reset"  />
    <postMsg mid="35001752" type="Warning" dynamic="1" navigation="0" arg0="\U_VIDEO_ADDR_MUX/IOU_RA_MUX/RA_ENABLE_N_I_0_reset"  />
    <postMsg mid="35001752" type="Warning" dynamic="1" navigation="0" arg0="\U_IOU_KEYBOARD/SET_DELAY_I_0_reset"  />
    <postMsg mid="35001752" type="Warning" dynamic="1" navigation="0" arg0="\U_IOU_RESET/PWR_ON_FINISHED_I_0_17_reset"  />
Applying 2.000000 MHz constraint to all clocks

    <postMsg mid="35001611" type="Warning" dynamic="0" navigation="0"  />
Results of NGD DRC are available in IOU_drc.log.
Loading NGL library 'C:/lscc/diamond/3.12/ispfpga/xo2c00/data/xo2clib.ngl'...
Loading NGL library 'C:/lscc/diamond/3.12/ispfpga/mg5g00/data/mg5glib.ngl'...
Loading NGL library 'C:/lscc/diamond/3.12/ispfpga/or5g00/data/orc5glib.ngl'...


Running DRC...

DRC complete with no errors or warnings

Design Results:
    302 blocks expanded
completed the first expansion
All blocks are expanded and NGD expansion is successful.
Writing NGD file IOU_impl1.ngd.

################### Begin Area Report (IOU)######################
Number of register bits => 98 of 424 (23 % )
BB => 8
CCU2D => 18
FD1P3AX => 21
FD1P3AY => 5
FD1P3BX => 1
FD1P3IX => 2
FD1S1A => 10
FD1S1B => 5
FD1S1D => 13
FD1S1I => 2
FD1S3AX => 29
FD1S3DX => 3
FD1S3IX => 7
GSR => 1
IB => 11
INV => 1
L6MUX21 => 1
LUT4 => 135
OB => 19
OBZ => 2
OSCH => 1
PFUMX => 4
################### End Area Report ##################

################### Begin BlackBox Report ######################
TSALL => 1
################### End BlackBox Report ##################

################### Begin Clock Report ######################
Clock Nets
Number of Clocks: 26
  Net : PHI_0_c, loads : 50
  Net : U_DELAY_OSCILLATOR/DELAY_CLK, loads : 13
  Net : U_IOU_TIMINGS/P_PHI_2, loads : 12
  Net : PRAS_N_c, loads : 14
  Net : U_IOU_TIMINGS/CTC14S, loads : 3
  Net : Q3_c, loads : 6
  Net : U_IOU_MD7/PWR_ON_FINISHED_N_44, loads : 2
  Net : U_VIDEO_ADDR_MUX/IOU_RA_MUX/PRAS_N_c_derived_1, loads : 3
  Net : U_IOU_ADDR_DECODER/IOU_1_H6/C02X_N, loads : 1
  Net : U_IOU_KEYBOARD/AUTOREPEAT_ACTIVE_N_256, loads : 2
  Net : U_IOU_ADDR_LATCH/ITEXT_N_201, loads : 1
  Net : U_IOU_KEYBOARD/KEY_N_277, loads : 2
  Net : U_IOU_ADDR_DECODER/IOU_1_H6/C03X_N, loads : 1
  Net : U_IOU_KEYBOARD/SET_DELAY_N_255, loads : 2
  Net : U_IOU_ADDR_LATCH/Q7_N_153, loads : 1
  Net : U_IOU_ADDR_DECODER/IOU_1_H6/PG2_N_211, loads : 1
  Net : U_IOU_ADDR_LATCH/AN0_N_219, loads : 1
  Net : U_IOU_ADDR_LATCH/Q6_N_150, loads : 1
  Net : U_IOU_ADDR_DECODER/IOU_1_H6/AN2_N_225, loads : 1
  Net : U_VIDEO_ADDR_MUX/IOU_RA_MUX/WAITING_FOR_PRAS_N_244, loads : 1
  Net : U_IOU_ADDR_LATCH/MIX_N_207, loads : 1
  Net : U_COMMON_INTERNALS/Q3_PRAS_N, loads : 1
  Net : U_IOU_ADDR_DECODER/IOU_1_H6/AN3_N_228, loads : 1
  Net : U_IOU_MD7/Q0_N_128, loads : 1
  Net : U_IOU_ADDR_LATCH/AN1_N_222, loads : 1
  Net : U_IOU_ADDR_DECODER/IOU_1_H6/HIRES_N_216, loads : 1
Clock Enable Nets
Number of Clock Enables: 4
Top 4 highest fanout Clock Enables:
  Net : U_VIDEO_SCANNER/HPE_N, loads : 12
  Net : U_POWER_ON_DETECTION/COUNT_11__N_33, loads : 12
  Net : U_VIDEO_SCANNER/PHI_0_c_enable_6, loads : 6
Highest fanout non-clock nets
Top 10 highest fanout non-clock nets:
  Net : U_IOU_ADDR_LATCH/LA1, loads : 19
  Net : U_IOU_ADDR_LATCH/LA3, loads : 19
  Net : U_IOU_ADDR_LATCH/LA2, loads : 18
  Net : U_IOU_ADDR_LATCH/LA0, loads : 14
  Net : U_POWER_ON_DETECTION/POC_N, loads : 12
  Net : U_VIDEO_SCANNER/HPE_N, loads : 12
  Net : U_POWER_ON_DETECTION/COUNT_11__N_33, loads : 12
  Net : U_IOU_INTERNALS/TC_N_102, loads : 9
  Net : R_W_N_c, loads : 8
  Net : U_VIDEO_SCANNER/V3, loads : 8
################### End Clock Report ##################

Timing Report Summary
--------------
--------------------------------------------------------------------------------
Constraint                              |   Constraint|       Actual|Levels
--------------------------------------------------------------------------------
                                        |             |             |
create_clock -period 500.000000 -name   |             |             |
clk10 [get_nets C02X_N]                 |    2.000 MHz|  309.023 MHz|     2  
                                        |             |             |
create_clock -period 500.000000 -name   |             |             |
clk9 [get_nets Q3_c]                    |            -|            -|     0  
                                        |             |             |
create_clock -period 500.000000 -name   |             |             |
clk8 [get_nets ITEXT_N_201]             |            -|            -|     0  
                                        |             |             |
create_clock -period 500.000000 -name   |             |             |
clk7 [get_nets                          |             |             |
\U_COMMON_INTERNALS/Q3_PRAS_N]          |            -|            -|     0  
                                        |             |             |
create_clock -period 500.000000 -name   |             |             |
clk6 [get_nets PRAS_N_c]                |    2.000 MHz|  309.023 MHz|     2  
                                        |             |             |
create_clock -period 500.000000 -name   |             |             |
clk5 [get_nets C03X_N]                  |    2.000 MHz|  309.023 MHz|     2  
                                        |             |             |
create_clock -period 500.000000 -name   |             |             |
clk4 [get_nets PWR_ON_FINISHED_N_44]    |            -|            -|     0  
                                        |             |             |
create_clock -period 500.000000 -name   |             |             |
clk3 [get_nets DELAY_CLK]               |    2.000 MHz|  281.452 MHz|     2  
                                        |             |             |
create_clock -period 500.000000 -name   |             |             |
clk2 [get_nets CTC14S]                  |    2.000 MHz|  216.779 MHz|     3  
                                        |             |             |
create_clock -period 500.000000 -name   |             |             |
clk1 [get_nets P_PHI_2]                 |    2.000 MHz|  114.508 MHz|     5  
                                        |             |             |
create_clock -period 500.000000 -name   |             |             |
clk0 [get_nets PHI_0_c]                 |    2.000 MHz|  108.202 MHz|     5  
                                        |             |             |
--------------------------------------------------------------------------------


All constraints were met.


Peak Memory Usage: 73.246  MB

--------------------------------------------------------------
Elapsed CPU time for LSE flow : 0.563  secs
--------------------------------------------------------------

map -a "MachXO2" -p LCMXO2-256HC -t CSBGA132 -s 4 -oc Commercial   "IOU_impl1.ngd" -o "IOU_impl1_map.ncd" -pr "IOU_impl1.prf" -mp "IOU_impl1.mrp" -lpf "C:/dev/Apple_IIe_IOU_3V3/firmware/impl1/IOU_impl1.lpf" -lpf "C:/dev/Apple_IIe_IOU_3V3/firmware/IOU.lpf"  -c 0           
map:  version Diamond (64-bit) 3.12.1.454

Copyright (c) 1991-1994 by NeoCAD Inc. All rights reserved.
Copyright (c) 1995 AT&T Corp.   All rights reserved.
Copyright (c) 1995-2001 Lucent Technologies Inc.  All rights reserved.
Copyright (c) 2001 Agere Systems   All rights reserved.
Copyright (c) 2002-2020 Lattice Semiconductor Corporation,  All rights reserved.
   Process the file: IOU_impl1.ngd
   Picdevice="LCMXO2-256HC"

   Pictype="CSBGA132"

   Picspeed=4

   Remove unused logic

   Do not produce over sized NCDs.

Part used: LCMXO2-256HCCSBGA132, Performance used: 4.

Loading device for application map from file 'xo2c256.nph' in environment: C:/lscc/diamond/3.12/ispfpga.
Package Status:                     Final          Version 1.41.

Running general design DRC...

Removing unused logic...

Optimizing...

    <postMsg mid="52101259" type="Warning" dynamic="1" navigation="0" arg0="U_VIDEO_ADDR_MUX/IOU_RA_MUX/RA_ENABLE_N_I_0_set"  />
    <postMsg mid="52101259" type="Warning" dynamic="1" navigation="0" arg0="U_IOU_RESET/PWR_ON_FINISHED_I_0_17_set"  />
    <postMsg mid="52101259" type="Warning" dynamic="1" navigation="0" arg0="U_IOU_MD7/KEY_I_0_set"  />
    <postMsg mid="52101259" type="Warning" dynamic="1" navigation="0" arg0="U_IOU_KEYBOARD/AUTOREPEAT_ACTIVE_I_0_set"  />
    <postMsg mid="52101259" type="Warning" dynamic="1" navigation="0" arg0="U_IOU_KEYBOARD/SET_DELAY_I_0_set"  />



Design Summary:
   Number of registers:     98 out of   424 (23%)
      PFU registers:           98 out of   256 (38%)
      PIO registers:            0 out of   168 (0%)
   Number of SLICEs:        93 out of   128 (73%)
      SLICEs as Logic/ROM:     93 out of   128 (73%)
      SLICEs as RAM:            0 out of    96 (0%)
      SLICEs as Carry:         18 out of   128 (14%)
   Number of LUT4s:        170 out of   256 (66%)
      Number used as logic LUTs:        134
      Number used as distributed RAM:     0
      Number used as ripple logic:       36
      Number used as shift registers:     0
   Number of PIO sites used: 40 + 4(JTAG) out of 56 (79%)
   Number of block RAMs:  0 out of 0
   Number of GSRs:        1 out of 1 (100%)
   EFB used :        No
   JTAG used :       No
   Readback used :   No
   Oscillator used : Yes
   Startup used :    No
   POR :             On
   Bandgap :         On
   Number of Power Controller:  0 out of 1 (0%)
   Number of Dynamic Bank Controller (BCINRD):  0 out of 4 (0%)
   Number of DCCA:  0 out of 8 (0%)
   Number of DCMA:  0 out of 2 (0%)
   Notes:-
      1. Total number of LUT4s = (Number of logic LUT4s) + 2*(Number of distributed RAMs) + 2*(Number of ripple logic)
      2. Number of logic LUT4s does not include count of distributed RAM and ripple logic.
   Number of clocks:  26
     Net U_COMMON_INTERNALS/Q3_PRAS_N: 1 loads, 1 rising, 0 falling (Driver: U_COMMON_INTERNALS/i1362_2_lut )
     Net Q3_c: 1 loads, 0 rising, 1 falling (Driver: PIO Q3 )
     Net PRAS_N_c: 2 loads, 2 rising, 0 falling (Driver: PIO PRAS_N )
     Net Q6_N_150: 1 loads, 1 rising, 0 falling (Driver: U_IOU_ADDR_LATCH/i1_2_lut_3_lut_4_lut )
     Net Q7_N_153: 1 loads, 1 rising, 0 falling (Driver: U_IOU_ADDR_LATCH/i1_2_lut_3_lut_4_lut_adj_60 )
     Net Q0_N_128: 1 loads, 1 rising, 0 falling (Driver: U_IOU_MD7/i1368_2_lut_4_lut_4_lut_4_lut )
     Net HIRES_N_216: 1 loads, 1 rising, 0 falling (Driver: U_IOU_ADDR_DECODER/IOU_1_H6/i1_2_lut_3_lut_4_lut_adj_46 )
     Net AN0_N_219: 1 loads, 1 rising, 0 falling (Driver: U_IOU_ADDR_LATCH/i1383_2_lut_4_lut )
     Net AN1_N_222: 1 loads, 1 rising, 0 falling (Driver: U_IOU_ADDR_LATCH/i1_2_lut_4_lut )
     Net AN2_N_225: 1 loads, 1 rising, 0 falling (Driver: U_IOU_ADDR_DECODER/IOU_1_H6/i1_2_lut_3_lut_4_lut_adj_48 )
     Net AN3_N_228: 1 loads, 1 rising, 0 falling (Driver: U_IOU_ADDR_DECODER/IOU_1_H6/i1_2_lut_3_lut_4_lut_adj_49 )
     Net U_SOFT_SWITCHES_C05X/ITEXT_N_201: 1 loads, 1 rising, 0 falling (Driver: U_IOU_ADDR_LATCH/i1_2_lut_3_lut_adj_58 )
     Net MIX_N_207: 1 loads, 1 rising, 0 falling (Driver: U_IOU_ADDR_LATCH/i1_2_lut_3_lut )
     Net PG2_N_211: 1 loads, 1 rising, 0 falling (Driver: U_IOU_ADDR_DECODER/IOU_1_H6/i1_2_lut_3_lut_4_lut_adj_47 )
     Net PHI_0_c: 30 loads, 30 rising, 0 falling (Driver: PIO PHI_0 )
     Net P_PHI_2: 7 loads, 7 rising, 0 falling (Driver: U_IOU_TIMINGS/P_PHI_0_I_0_2_lut )
     Net U_VIDEO_ADDR_MUX/IOU_RA_MUX/PRAS_N_c_derived_1: 1 loads, 1 rising, 0 falling (Driver: U_VIDEO_ADDR_MUX/IOU_RA_MUX/i1374_2_lut_rep_24 )
     Net U_VIDEO_ADDR_MUX/IOU_RA_MUX/WAITING_FOR_PRAS_N_244: 1 loads, 1 rising, 0 falling (Driver: U_VIDEO_ADDR_MUX/IOU_RA_MUX/RA_ENABLE_N_N_232_I_0_2_lut_3_lut_3_lut )
     Net DELAY_CLK: 7 loads, 7 rising, 0 falling (Driver: U_DELAY_OSCILLATOR/U_OSCH )
     Net U_IOU_RESET/PWR_ON_FINISHED_N_44: 1 loads, 1 rising, 0 falling (Driver: U_IOU_MD7/i2_3_lut_3_lut )
     Net KEY_N_277: 1 loads, 1 rising, 0 falling (Driver: U_IOU_KEYBOARD/i2_3_lut )
     Net C03X_N: 1 loads, 1 rising, 0 falling (Driver: U_IOU_ADDR_DECODER/IOU_1_H6/i1_2_lut_3_lut_4_lut )
     Net C02X_N: 1 loads, 1 rising, 0 falling (Driver: U_IOU_ADDR_DECODER/IOU_1_H6/i1_2_lut_3_lut_4_lut_adj_44 )
     Net U_IOU_KEYBOARD/SET_DELAY_N_255: 1 loads, 1 rising, 0 falling (Driver: U_IOU_KEYBOARD/i1_2_lut_3_lut )
     Net CTC14S: 2 loads, 2 rising, 0 falling (Driver: U_IOU_TIMINGS/CTC14S_10 )
     Net U_IOU_KEYBOARD/AUTOREPEAT_ACTIVE_N_256: 1 loads, 1 rising, 0 falling (Driver: U_IOU_KEYBOARD/AUTOREPEAT_DELAY_I_0_2_lut_3_lut_4_lut )
   Number of Clock Enables:  4
     Net PHI_0_c: 3 loads, 3 LSLICEs
     Net HPE_N: 6 loads, 6 LSLICEs
     Net U_VIDEO_SCANNER/PHI_0_c_enable_6: 4 loads, 4 LSLICEs
     Net U_POWER_ON_DETECTION/COUNT_11__N_33: 7 loads, 7 LSLICEs
   Number of LSRs:  16
     Net RESET_N_out: 9 loads, 9 LSLICEs
     Net POC_N: 1 loads, 1 LSLICEs
     Net PHI_0_c: 1 loads, 1 LSLICEs
     Net LA0: 1 loads, 1 LSLICEs
     Net U_VIDEO_ADDR_MUX/IOU_RA_MUX/PRAS_N_c_derived_1: 1 loads, 1 LSLICEs
     Net U_VIDEO_ADDR_MUX/IOU_RA_MUX/n1730: 1 loads, 1 LSLICEs
     Net U_IOU_RESET/PWR_ON_FINISHED_N_44: 1 loads, 1 LSLICEs
     Net U_IOU_MD7/TIMING_ENABLE_N_N_302: 1 loads, 1 LSLICEs
     Net KEY_N_277: 1 loads, 1 LSLICEs
     Net U_IOU_MD7/KEY_N_280: 1 loads, 1 LSLICEs
     Net AKD: 1 loads, 1 LSLICEs
     Net HPE_N: 4 loads, 4 LSLICEs
     Net U_IOU_KEYBOARD/SET_DELAY_N_255: 1 loads, 1 LSLICEs
     Net U_IOU_KEYBOARD/n1727: 3 loads, 3 LSLICEs
     Net U_IOU_KEYBOARD/AUTOREPEAT_ACTIVE_N_256: 1 loads, 1 LSLICEs
     Net U_VIDEO_SCANNER/n1722: 2 loads, 2 LSLICEs
   Number of nets driven by tri-state buffers:  0
   Top 10 highest fanout non-clock nets:
     Net LA1: 20 loads
     Net LA3: 20 loads
     Net LA2: 19 loads
     Net LA0: 15 loads
     Net HPE_N: 14 loads
     Net POC_N: 13 loads
     Net RESET_N_out: 10 loads
     Net TC_N_102: 10 loads
     Net H3: 9 loads
     Net LA4: 9 loads
 

   Number of warnings:  5
   Number of errors:    0



Total CPU Time: 0 secs  
Total REAL Time: 0 secs  
Peak Memory Usage: 33 MB

Dumping design to file IOU_impl1_map.ncd.

ncd2vdb "IOU_impl1_map.ncd" ".vdbs/IOU_impl1_map.vdb"

Loading device for application ncd2vdb from file 'xo2c256.nph' in environment: C:/lscc/diamond/3.12/ispfpga.

trce -f "IOU_impl1.mt" -o "IOU_impl1.tw1" "IOU_impl1_map.ncd" "IOU_impl1.prf"
trce:  version Diamond (64-bit) 3.12.1.454

Copyright (c) 1991-1994 by NeoCAD Inc. All rights reserved.
Copyright (c) 1995 AT&T Corp.   All rights reserved.
Copyright (c) 1995-2001 Lucent Technologies Inc.  All rights reserved.
Copyright (c) 2001 Agere Systems   All rights reserved.
Copyright (c) 2002-2020 Lattice Semiconductor Corporation,  All rights reserved.

Loading design for application trce from file iou_impl1_map.ncd.
Design name: IOU
NCD version: 3.3
Vendor:      LATTICE
Device:      LCMXO2-256HC
Package:     CSBGA132
Performance: 4
Loading device for application trce from file 'xo2c256.nph' in environment: C:/lscc/diamond/3.12/ispfpga.
Package Status:                     Final          Version 1.41.
Performance Hardware Data Status:   Final          Version 34.4.
Setup and Hold Report

--------------------------------------------------------------------------------
Lattice TRACE Report - Setup, Version Diamond (64-bit) 3.12.1.454
Wed Jul 02 15:35:32 2025

Copyright (c) 1991-1994 by NeoCAD Inc. All rights reserved.
Copyright (c) 1995 AT&T Corp.   All rights reserved.
Copyright (c) 1995-2001 Lucent Technologies Inc.  All rights reserved.
Copyright (c) 2001 Agere Systems   All rights reserved.
Copyright (c) 2002-2020 Lattice Semiconductor Corporation,  All rights reserved.

Report Information
------------------
Command line:    trce -v 1 -gt -mapchkpnt 0 -sethld -o IOU_impl1.tw1 -gui -msgset C:/dev/Apple_IIe_IOU_3V3/firmware/promote.xml IOU_impl1_map.ncd IOU_impl1.prf 
Design file:     iou_impl1_map.ncd
Preference file: iou_impl1.prf
Device,speed:    LCMXO2-256HC,4
Report level:    verbose report, limited to 1 item per preference
--------------------------------------------------------------------------------

1 potential circuit loop found in timing analysis.


Timing summary (Setup):
---------------

Timing errors: 0  Score: 0
Cumulative negative slack: 0

Constraints cover 13 paths, 1 nets, and 34 connections (4.72% coverage)

--------------------------------------------------------------------------------
Lattice TRACE Report - Hold, Version Diamond (64-bit) 3.12.1.454
Wed Jul 02 15:35:32 2025

Copyright (c) 1991-1994 by NeoCAD Inc. All rights reserved.
Copyright (c) 1995 AT&T Corp.   All rights reserved.
Copyright (c) 1995-2001 Lucent Technologies Inc.  All rights reserved.
Copyright (c) 2001 Agere Systems   All rights reserved.
Copyright (c) 2002-2020 Lattice Semiconductor Corporation,  All rights reserved.

Report Information
------------------
Command line:    trce -v 1 -gt -mapchkpnt 0 -sethld -o IOU_impl1.tw1 -gui -msgset C:/dev/Apple_IIe_IOU_3V3/firmware/promote.xml IOU_impl1_map.ncd IOU_impl1.prf 
Design file:     iou_impl1_map.ncd
Preference file: iou_impl1.prf
Device,speed:    LCMXO2-256HC,M
Report level:    verbose report, limited to 1 item per preference
--------------------------------------------------------------------------------

1 potential circuit loop found in timing analysis.


Timing summary (Hold):
---------------

Timing errors: 0  Score: 0
Cumulative negative slack: 0

Constraints cover 13 paths, 1 nets, and 34 connections (4.72% coverage)



Timing summary (Setup and Hold):
---------------

Timing errors: 0 (setup), 0 (hold)
Score: 0 (setup), 0 (hold)
Cumulative negative slack: 0 (0+0)
--------------------------------------------------------------------------------

--------------------------------------------------------------------------------

Total CPU Time: 0 secs 
Total REAL Time: 0 secs 
Peak Memory Usage: 37 MB


mpartrce -p "IOU_impl1.p2t" -f "IOU_impl1.p3t" -tf "IOU_impl1.pt" "IOU_impl1_map.ncd" "IOU_impl1.ncd"

---- MParTrce Tool ----
Removing old design directory at request of -rem command line option to this program.
Running par. Please wait . . .

Lattice Place and Route Report for Design "IOU_impl1_map.ncd"
Wed Jul 02 15:35:32 2025

PAR: Place And Route Diamond (64-bit) 3.12.1.454.
Command Line: par -w -l 5 -i 6 -t 1 -c 0 -e 0 -gui -msgset C:/dev/Apple_IIe_IOU_3V3/firmware/promote.xml -exp parUseNBR=1:parCDP=0:parCDR=0:parPathBased=OFF:parASE=1 IOU_impl1_map.ncd IOU_impl1.dir/5_1.ncd IOU_impl1.prf
Preference file: IOU_impl1.prf.
Placement level-cost: 5-1.
Routing Iterations: 6

Loading design for application par from file IOU_impl1_map.ncd.
Design name: IOU
NCD version: 3.3
Vendor:      LATTICE
Device:      LCMXO2-256HC
Package:     CSBGA132
Performance: 4
Loading device for application par from file 'xo2c256.nph' in environment: C:/lscc/diamond/3.12/ispfpga.
Package Status:                     Final          Version 1.41.
Performance Hardware Data Status:   Final          Version 34.4.
License checked out.


Ignore Preference Error(s):  True
Device utilization summary:

   PIO (prelim)   40+4(JTAG)/56      79% used
                  40+4(JTAG)/56      79% bonded

   SLICE             93/128          72% used

   GSR                1/1           100% used
   OSC                1/1           100% used


1 potential circuit loop found in timing analysis.
Number of Signals: 298
Number of Connections: 720

Pin Constraint Summary:
   40 out of 40 pins locked (100% locked).

No signal is selected as primary clock.


The following 4 signals are selected to use the secondary clock routing resources:
    PHI_0_c (driver: PHI_0, clk load #: 30, sr load #: 1, ce load #: 3)
    P_PHI_2 (driver: SLICE_118, clk load #: 7, sr load #: 0, ce load #: 0)
    DELAY_CLK (driver: U_DELAY_OSCILLATOR/U_OSCH, clk load #: 7, sr load #: 0, ce load #: 0)
    HPE_N (driver: U_VIDEO_SCANNER/SLICE_28, clk load #: 0, sr load #: 4, ce load #: 6)

    <postMsg mid="61061008" type="Warning" dynamic="5" navigation="0" arg0="PHI_0_c" arg1="Secondary" arg2="PHI_0" arg3="N10" arg4="Secondary"  />
Signal POC_N is selected as Global Set/Reset.
Starting Placer Phase 0.
.......
Finished Placer Phase 0.  REAL time: 0 secs 

Starting Placer Phase 1.
....................
Placer score = 28367.
Finished Placer Phase 1.  REAL time: 4 secs 

Starting Placer Phase 2.
.
Placer score =  28201
Finished Placer Phase 2.  REAL time: 4 secs 


------------------ Clock Report ------------------

Global Clock Resources:
  CLK_PIN    : 0 out of 8 (0%)
  General PIO: 1 out of 56 (1%)
  DCM        : 0 out of 2 (0%)
  DCC        : 0 out of 8 (0%)

Global Clocks:
  SECONDARY "PHI_0_c" from comp "PHI_0" on PIO site "N10 (PB7D)", clk load = 30, ce load = 3, sr load = 1
  SECONDARY "P_PHI_2" from F1 on comp "SLICE_118" on site "R5C5D", clk load = 7, ce load = 0, sr load = 0
  SECONDARY "DELAY_CLK" from OSC on comp "U_DELAY_OSCILLATOR/U_OSCH" on site "OSC", clk load = 7, ce load = 0, sr load = 0
  SECONDARY "HPE_N" from Q0 on comp "U_VIDEO_SCANNER/SLICE_28" on site "R5C9C", clk load = 0, ce load = 6, sr load = 4

  PRIMARY  : 0 out of 8 (0%)
  SECONDARY: 4 out of 8 (50%)

--------------- End of Clock Report ---------------


I/O Usage Summary (final):
   40 + 4(JTAG) out of 56 (78.6%) PIO sites used.
   40 + 4(JTAG) out of 56 (78.6%) bonded PIO sites used.
   Number of PIO comps: 40; differential: 0.
   Number of Vref pins used: 0.

I/O Bank Usage Summary:
+----------+----------------+------------+-----------+
| I/O Bank | Usage          | Bank Vccio | Bank Vref |
+----------+----------------+------------+-----------+
| 0        | 4 / 14 ( 28%)  | 3.3V       | -         |
| 1        | 13 / 14 ( 92%) | 3.3V       | -         |
| 2        | 9 / 14 ( 64%)  | 3.3V       | -         |
| 3        | 14 / 14 (100%) | 3.3V       | -         |
+----------+----------------+------------+-----------+

Total placer CPU time: 3 secs 

Dumping design to file IOU_impl1.dir/5_1.ncd.

1 potential circuit loop found in timing analysis.
0 connections routed; 720 unrouted.
Starting router resource preassignment

    <postMsg mid="66011008" type="Warning" dynamic="1" navigation="0" arg0="&#xA;   Signal=U_COMMON_INTERNALS/Q3_PRAS_N loads=1 clock_loads=1&#xA;   Signal=Q3_c loads=6 clock_loads=1&#xA;   Signal=PRAS_N_c loads=14 clock_loads=2&#xA;   Signal=Q6_N_150 loads=1 clock_loads=1&#xA;   Signal=Q7_N_153 loads=1 clock_loads=1&#xA;   Signal=Q0_N_128 loads=1 clock_loads=1&#xA;   Signal=HIRES_N_216 loads=1 clock_loads=1&#xA;   Signal=AN0_N_2   ....   al=U_IOU_KEYBOARD/SET_DELAY_N_255 loads=2 clock_loads=1&#xA;   Signal=CTC14S loads=2 clock_loads=2&#xA;   Signal=U_IOU_KEYBOARD/AUTOREPEAT_ACTIVE_N_256 loads=2 clock_loads=1"  />

Completed router resource preassignment. Real time: 5 secs 

Start NBR router at 15:35:37 07/02/25

*****************************************************************
Info: NBR allows conflicts(one node used by more than one signal)
      in the earlier iterations. In each iteration, it tries to  
      solve the conflicts while keeping the critical connections 
      routed as short as possible. The routing process is said to
      be completed when no conflicts exist and all connections   
      are routed.                                                
Note: NBR uses a different method to calculate timing slacks. The
      worst slack and total negative slack may not be the same as
      that in TRCE report. You should always run TRCE to verify  
      your design.                                               
*****************************************************************

1 potential circuit loop found in timing analysis.
Start NBR special constraint process at 15:35:37 07/02/25

Start NBR section for initial routing at 15:35:37 07/02/25
Level 1, iteration 1
0(0.00%) conflict; 472(65.56%) untouched conns; 0 (nbr) score; 
Estimated worst slack/total negative slack<setup>: 3.845ns/0.000ns; real time: 5 secs 
Level 2, iteration 1
0(0.00%) conflict; 472(65.56%) untouched conns; 0 (nbr) score; 
Estimated worst slack/total negative slack<setup>: 3.845ns/0.000ns; real time: 5 secs 
Level 3, iteration 1
0(0.00%) conflict; 471(65.42%) untouched conns; 0 (nbr) score; 
Estimated worst slack/total negative slack<setup>: 3.845ns/0.000ns; real time: 5 secs 
Level 4, iteration 1
46(0.21%) conflicts; 0(0.00%) untouched conn; 0 (nbr) score; 
Estimated worst slack/total negative slack<setup>: 3.838ns/0.000ns; real time: 5 secs 

Info: Initial congestion level at 75% usage is 0
Info: Initial congestion area  at 75% usage is 0 (0.00%)

Start NBR section for normal routing at 15:35:37 07/02/25
Level 1, iteration 1
30(0.14%) conflicts; 15(2.08%) untouched conns; 0 (nbr) score; 
Estimated worst slack/total negative slack<setup>: 3.838ns/0.000ns; real time: 5 secs 
Level 1, iteration 2
25(0.12%) conflicts; 20(2.78%) untouched conns; 0 (nbr) score; 
Estimated worst slack/total negative slack<setup>: 3.838ns/0.000ns; real time: 5 secs 
Level 1, iteration 3
22(0.10%) conflicts; 21(2.92%) untouched conns; 0 (nbr) score; 
Estimated worst slack/total negative slack<setup>: 3.838ns/0.000ns; real time: 5 secs 
Level 1, iteration 4
21(0.10%) conflicts; 22(3.06%) untouched conns; 0 (nbr) score; 
Estimated worst slack/total negative slack<setup>: 3.838ns/0.000ns; real time: 5 secs 
Level 1, iteration 5
17(0.08%) conflicts; 24(3.33%) untouched conns; 0 (nbr) score; 
Estimated worst slack/total negative slack<setup>: 3.838ns/0.000ns; real time: 5 secs 
Level 1, iteration 6
12(0.06%) conflicts; 27(3.75%) untouched conns; 0 (nbr) score; 
Estimated worst slack/total negative slack<setup>: 3.838ns/0.000ns; real time: 5 secs 
Level 1, iteration 7
11(0.05%) conflicts; 27(3.75%) untouched conns; 0 (nbr) score; 
Estimated worst slack/total negative slack<setup>: 3.838ns/0.000ns; real time: 5 secs 
Level 1, iteration 8
8(0.04%) conflicts; 28(3.89%) untouched conns; 0 (nbr) score; 
Estimated worst slack/total negative slack<setup>: 3.838ns/0.000ns; real time: 5 secs 
Level 4, iteration 1
28(0.13%) conflicts; 0(0.00%) untouched conn; 0 (nbr) score; 
Estimated worst slack/total negative slack<setup>: 3.838ns/0.000ns; real time: 5 secs 
Level 4, iteration 2
24(0.11%) conflicts; 0(0.00%) untouched conn; 0 (nbr) score; 
Estimated worst slack/total negative slack<setup>: 3.826ns/0.000ns; real time: 5 secs 
Level 4, iteration 3
22(0.10%) conflicts; 0(0.00%) untouched conn; 0 (nbr) score; 
Estimated worst slack/total negative slack<setup>: 3.826ns/0.000ns; real time: 5 secs 
Level 4, iteration 4
19(0.09%) conflicts; 0(0.00%) untouched conn; 0 (nbr) score; 
Estimated worst slack/total negative slack<setup>: 3.826ns/0.000ns; real time: 5 secs 
Level 4, iteration 5
16(0.07%) conflicts; 0(0.00%) untouched conn; 0 (nbr) score; 
Estimated worst slack/total negative slack<setup>: 3.826ns/0.000ns; real time: 5 secs 
Level 4, iteration 6
14(0.06%) conflicts; 0(0.00%) untouched conn; 0 (nbr) score; 
Estimated worst slack/total negative slack<setup>: 3.826ns/0.000ns; real time: 5 secs 
Level 4, iteration 7
12(0.06%) conflicts; 0(0.00%) untouched conn; 0 (nbr) score; 
Estimated worst slack/total negative slack<setup>: 3.826ns/0.000ns; real time: 5 secs 
Level 4, iteration 8
8(0.04%) conflicts; 0(0.00%) untouched conn; 0 (nbr) score; 
Estimated worst slack/total negative slack<setup>: 3.826ns/0.000ns; real time: 5 secs 
Level 4, iteration 9
6(0.03%) conflicts; 0(0.00%) untouched conn; 0 (nbr) score; 
Estimated worst slack/total negative slack<setup>: 3.832ns/0.000ns; real time: 5 secs 
Level 4, iteration 10
4(0.02%) conflicts; 0(0.00%) untouched conn; 0 (nbr) score; 
Estimated worst slack/total negative slack<setup>: 3.832ns/0.000ns; real time: 5 secs 
Level 4, iteration 11
3(0.01%) conflicts; 0(0.00%) untouched conn; 0 (nbr) score; 
Estimated worst slack/total negative slack<setup>: 3.832ns/0.000ns; real time: 5 secs 
Level 4, iteration 12
2(0.01%) conflicts; 0(0.00%) untouched conn; 0 (nbr) score; 
Estimated worst slack/total negative slack<setup>: 3.832ns/0.000ns; real time: 5 secs 
Level 4, iteration 13
2(0.01%) conflicts; 0(0.00%) untouched conn; 0 (nbr) score; 
Estimated worst slack/total negative slack<setup>: 3.832ns/0.000ns; real time: 6 secs 
Level 4, iteration 14
2(0.01%) conflicts; 0(0.00%) untouched conn; 0 (nbr) score; 
Estimated worst slack/total negative slack<setup>: 3.832ns/0.000ns; real time: 6 secs 
Level 4, iteration 15
2(0.01%) conflicts; 0(0.00%) untouched conn; 0 (nbr) score; 
Estimated worst slack/total negative slack<setup>: 3.832ns/0.000ns; real time: 6 secs 
Level 4, iteration 16
2(0.01%) conflicts; 0(0.00%) untouched conn; 0 (nbr) score; 
Estimated worst slack/total negative slack<setup>: 3.832ns/0.000ns; real time: 6 secs 
Level 4, iteration 17
2(0.01%) conflicts; 0(0.00%) untouched conn; 0 (nbr) score; 
Estimated worst slack/total negative slack<setup>: 3.832ns/0.000ns; real time: 6 secs 
Level 4, iteration 18
1(0.00%) conflict; 0(0.00%) untouched conn; 0 (nbr) score; 
Estimated worst slack/total negative slack<setup>: 3.832ns/0.000ns; real time: 6 secs 
Level 4, iteration 19
1(0.00%) conflict; 0(0.00%) untouched conn; 0 (nbr) score; 
Estimated worst slack/total negative slack<setup>: 3.832ns/0.000ns; real time: 6 secs 
Level 4, iteration 20
1(0.00%) conflict; 0(0.00%) untouched conn; 0 (nbr) score; 
Estimated worst slack/total negative slack<setup>: 3.832ns/0.000ns; real time: 6 secs 
Level 4, iteration 21
0(0.00%) conflict; 0(0.00%) untouched conn; 0 (nbr) score; 
Estimated worst slack/total negative slack<setup>: 3.832ns/0.000ns; real time: 6 secs 

Start NBR section for setup/hold timing optimization with effort level 3 at 15:35:38 07/02/25
1 potential circuit loop found in timing analysis.
1 potential circuit loop found in timing analysis.

Start NBR section for re-routing at 15:35:38 07/02/25
Level 4, iteration 1
0(0.00%) conflict; 0(0.00%) untouched conn; 0 (nbr) score; 
Estimated worst slack/total negative slack<setup>: 3.832ns/0.000ns; real time: 6 secs 

Start NBR section for post-routing at 15:35:38 07/02/25
1 potential circuit loop found in timing analysis.

End NBR router with 0 unrouted connection

NBR Summary
-----------
  Number of unrouted connections : 0 (0.00%)
  Number of connections with timing violations : 0 (0.00%)
  Estimated worst slack<setup> : 3.832ns
  Timing score<setup> : 0
-----------
Notes: The timing info is calculated for SETUP only and all PAR_ADJs are ignored.



    <postMsg mid="66011008" type="Warning" dynamic="1" navigation="0" arg0="&#xA;   Signal=U_COMMON_INTERNALS/Q3_PRAS_N loads=1 clock_loads=1&#xA;   Signal=Q3_c loads=6 clock_loads=1&#xA;   Signal=PRAS_N_c loads=14 clock_loads=2&#xA;   Signal=Q6_N_150 loads=1 clock_loads=1&#xA;   Signal=Q7_N_153 loads=1 clock_loads=1&#xA;   Signal=Q0_N_128 loads=1 clock_loads=1&#xA;   Signal=HIRES_N_216 loads=1 clock_loads=1&#xA;   Signal=AN0_N_2   ....   al=U_IOU_KEYBOARD/SET_DELAY_N_255 loads=2 clock_loads=1&#xA;   Signal=CTC14S loads=2 clock_loads=2&#xA;   Signal=U_IOU_KEYBOARD/AUTOREPEAT_ACTIVE_N_256 loads=2 clock_loads=1"  />

1 potential circuit loop found in timing analysis.
1 potential circuit loop found in timing analysis.
1 potential circuit loop found in timing analysis.
Total CPU time 5 secs 
Total REAL time: 6 secs 
Completely routed.
End of route.  720 routed (100.00%); 0 unrouted.

Hold time timing score: 0, hold timing errors: 0

Timing score: 0 

Dumping design to file IOU_impl1.dir/5_1.ncd.


PAR_SUMMARY::Run status = Completed
PAR_SUMMARY::Number of unrouted conns = 0
PAR_SUMMARY::Worst  slack<setup/<ns>> = 3.832
PAR_SUMMARY::Timing score<setup/<ns>> = 0.000
PAR_SUMMARY::Worst  slack<hold /<ns>> = 0.304
PAR_SUMMARY::Timing score<hold /<ns>> = 0.000
PAR_SUMMARY::Number of errors = 0

Total CPU  time to completion: 5 secs 
Total REAL time to completion: 6 secs 

par done!

Note: user must run 'Trace' for timing closure signoff.

Copyright (c) 1991-1994 by NeoCAD Inc. All rights reserved.
Copyright (c) 1995 AT&T Corp.   All rights reserved.
Copyright (c) 1995-2001 Lucent Technologies Inc.  All rights reserved.
Copyright (c) 2001 Agere Systems   All rights reserved.
Copyright (c) 2002-2020 Lattice Semiconductor Corporation,  All rights reserved.
Exiting par with exit code 0
Exiting mpartrce with exit code 0

trce -f "IOU_impl1.pt" -o "IOU_impl1.twr" "IOU_impl1.ncd" "IOU_impl1.prf"
trce:  version Diamond (64-bit) 3.12.1.454

Copyright (c) 1991-1994 by NeoCAD Inc. All rights reserved.
Copyright (c) 1995 AT&T Corp.   All rights reserved.
Copyright (c) 1995-2001 Lucent Technologies Inc.  All rights reserved.
Copyright (c) 2001 Agere Systems   All rights reserved.
Copyright (c) 2002-2020 Lattice Semiconductor Corporation,  All rights reserved.

Loading design for application trce from file iou_impl1.ncd.
Design name: IOU
NCD version: 3.3
Vendor:      LATTICE
Device:      LCMXO2-256HC
Package:     CSBGA132
Performance: 4
Loading device for application trce from file 'xo2c256.nph' in environment: C:/lscc/diamond/3.12/ispfpga.
Package Status:                     Final          Version 1.41.
Performance Hardware Data Status:   Final          Version 34.4.
Setup and Hold Report

--------------------------------------------------------------------------------
Lattice TRACE Report - Setup, Version Diamond (64-bit) 3.12.1.454
Wed Jul 02 15:35:38 2025

Copyright (c) 1991-1994 by NeoCAD Inc. All rights reserved.
Copyright (c) 1995 AT&T Corp.   All rights reserved.
Copyright (c) 1995-2001 Lucent Technologies Inc.  All rights reserved.
Copyright (c) 2001 Agere Systems   All rights reserved.
Copyright (c) 2002-2020 Lattice Semiconductor Corporation,  All rights reserved.

Report Information
------------------
Command line:    trce -v 10 -gt -sethld -sp 4 -sphld m -o IOU_impl1.twr -gui -msgset C:/dev/Apple_IIe_IOU_3V3/firmware/promote.xml IOU_impl1.ncd IOU_impl1.prf 
Design file:     iou_impl1.ncd
Preference file: iou_impl1.prf
Device,speed:    LCMXO2-256HC,4
Report level:    verbose report, limited to 10 items per preference
--------------------------------------------------------------------------------

1 potential circuit loop found in timing analysis.


Timing summary (Setup):
---------------

Timing errors: 0  Score: 0
Cumulative negative slack: 0

Constraints cover 13 paths, 1 nets, and 36 connections (5.00% coverage)

--------------------------------------------------------------------------------
Lattice TRACE Report - Hold, Version Diamond (64-bit) 3.12.1.454
Wed Jul 02 15:35:38 2025

Copyright (c) 1991-1994 by NeoCAD Inc. All rights reserved.
Copyright (c) 1995 AT&T Corp.   All rights reserved.
Copyright (c) 1995-2001 Lucent Technologies Inc.  All rights reserved.
Copyright (c) 2001 Agere Systems   All rights reserved.
Copyright (c) 2002-2020 Lattice Semiconductor Corporation,  All rights reserved.

Report Information
------------------
Command line:    trce -v 10 -gt -sethld -sp 4 -sphld m -o IOU_impl1.twr -gui -msgset C:/dev/Apple_IIe_IOU_3V3/firmware/promote.xml IOU_impl1.ncd IOU_impl1.prf 
Design file:     iou_impl1.ncd
Preference file: iou_impl1.prf
Device,speed:    LCMXO2-256HC,m
Report level:    verbose report, limited to 10 items per preference
--------------------------------------------------------------------------------

1 potential circuit loop found in timing analysis.


Timing summary (Hold):
---------------

Timing errors: 0  Score: 0
Cumulative negative slack: 0

Constraints cover 13 paths, 1 nets, and 36 connections (5.00% coverage)



Timing summary (Setup and Hold):
---------------

Timing errors: 0 (setup), 0 (hold)
Score: 0 (setup), 0 (hold)
Cumulative negative slack: 0 (0+0)
--------------------------------------------------------------------------------

--------------------------------------------------------------------------------

Total CPU Time: 0 secs 
Total REAL Time: 0 secs 
Peak Memory Usage: 37 MB


tmcheck -par "IOU_impl1.par" 

bitgen -f "IOU_impl1.t2b" -w "IOU_impl1.ncd"  -jedec "IOU_impl1.prf"


BITGEN: Bitstream Generator Diamond (64-bit) 3.12.1.454
Copyright (c) 1991-1994 by NeoCAD Inc. All rights reserved.
Copyright (c) 1995 AT&T Corp.   All rights reserved.
Copyright (c) 1995-2001 Lucent Technologies Inc.  All rights reserved.
Copyright (c) 2001 Agere Systems   All rights reserved.
Copyright (c) 2002-2020 Lattice Semiconductor Corporation,  All rights reserved.


Loading design for application Bitgen from file IOU_impl1.ncd.
Design name: IOU
NCD version: 3.3
Vendor:      LATTICE
Device:      LCMXO2-256HC
Package:     CSBGA132
Performance: 4
Loading device for application Bitgen from file 'xo2c256.nph' in environment: C:/lscc/diamond/3.12/ispfpga.
Package Status:                     Final          Version 1.41.
Performance Hardware Data Status:   Final          Version 34.4.

Running DRC.
DRC detected 0 errors and 0 warnings.
Reading Preference File from IOU_impl1.prf.

Preference Summary:
+---------------------------------+---------------------------------+
|  Preference                     |  Current Setting                |
+---------------------------------+---------------------------------+
|                         RamCfg  |                        Reset**  |
+---------------------------------+---------------------------------+
|                     MCCLK_FREQ  |                         2.08**  |
+---------------------------------+---------------------------------+
|                  CONFIG_SECURE  |                          OFF**  |
+---------------------------------+---------------------------------+
|                          INBUF  |                           ON**  |
+---------------------------------+---------------------------------+
|                      JTAG_PORT  |                       ENABLE**  |
+---------------------------------+---------------------------------+
|                       SDM_PORT  |                      DISABLE**  |
+---------------------------------+---------------------------------+
|                 SLAVE_SPI_PORT  |                      DISABLE**  |
+---------------------------------+---------------------------------+
|                MASTER_SPI_PORT  |                      DISABLE**  |
+---------------------------------+---------------------------------+
|                       I2C_PORT  |                      DISABLE**  |
+---------------------------------+---------------------------------+
|        MUX_CONFIGURATION_PORTS  |                      DISABLE**  |
+---------------------------------+---------------------------------+
|                  CONFIGURATION  |                          CFG**  |
+---------------------------------+---------------------------------+
|                COMPRESS_CONFIG  |                           ON**  |
+---------------------------------+---------------------------------+
|                        MY_ASSP  |                          OFF**  |
+---------------------------------+---------------------------------+
|               ONE_TIME_PROGRAM  |                          OFF**  |
+---------------------------------+---------------------------------+
|                 ENABLE_TRANSFR  |                      DISABLE**  |
+---------------------------------+---------------------------------+
|                  SHAREDEBRINIT  |                      DISABLE**  |
+---------------------------------+---------------------------------+
|            BACKGROUND_RECONFIG  |                          OFF**  |
+---------------------------------+---------------------------------+
 *  Default setting.
 ** The specified setting matches the default setting.


Creating bit map...
 
Bitstream Status: Final           Version 1.95.
 
Saving bit stream in "IOU_impl1.jed".
Total CPU Time: 1 secs 
Total REAL Time: 2 secs 
Peak Memory Usage: 240 MB
